2026-04-06 11:53:52 INFO     [defense_harvester] Loaded 84 catcher pop times for 2025.
2026-04-06 11:53:52 INFO     [defense_harvester] Loaded 579 sprint speeds for 2025.
2026-04-06 11:53:52 INFO     [defense_harvester] Loaded 84 catcher pop times for 2025.
2026-04-06 11:53:52 INFO     [defense_harvester] Loaded 579 sprint speeds for 2025.
2026-04-06 11:53:52 INFO     [harvester] Scraping Ottoneu roster for team 7582...
2026-04-06 11:53:52 INFO     [enricher] Loading STEAMER projections from projections-steamer.json...
2026-04-06 11:53:53 INFO     [gameday_harvester] Fetching fresh matchups for 2026-04-06 from MLB API...
2026-04-06 11:54:11 INFO     [optimizer] Optimizing lineup for 2026-04-06...
2026-04-06 11:54:35 INFO     [defense_harvester] Loaded 84 catcher pop times for 2025.
2026-04-06 11:54:35 INFO     [defense_harvester] Loaded 579 sprint speeds for 2025.
2026-04-06 11:54:35 INFO     [defense_harvester] Loaded 84 catcher pop times for 2025.
2026-04-06 11:54:35 INFO     [defense_harvester] Loaded 579 sprint speeds for 2025.
2026-04-06 11:54:35 INFO     [harvester] Scraping Ottoneu roster for team 7582...
2026-04-06 11:54:35 INFO     [enricher] Loading STEAMER projections from projections-steamer.json...
2026-04-06 11:54:35 INFO     [gameday_harvester] Fetching fresh matchups for 2026-04-06 from MLB API...
2026-04-06 11:54:44 INFO     [optimizer] Optimizing lineup for 2026-04-06...
2026-04-06 12:15:59 INFO     [harvester] Scraping Ottoneu roster for team 7582...
2026-04-06 12:16:00 INFO     [enricher] Loading ATC projections from projections-atc.json...
2026-04-06 12:16:13 INFO     [harvester] Scraping Ottoneu roster for team 7582...
2026-04-06 12:16:13 INFO     [enricher] Loading ATC projections from projections-atc.json...
2026-04-06 12:16:23 INFO     [harvester] Scraping Ottoneu roster for team 7582...
2026-04-06 12:16:27 INFO     [harvester] Scraping Ottoneu roster for team 7582...
2026-04-06 12:18:41 INFO     [harvester] Scraping Ottoneu roster for team 7582...
2026-04-06 12:24:45 INFO     [harvester] Scraping Ottoneu roster for team 7582...
2026-04-06 12:30:57 INFO     [defense_harvester] Loaded 84 catcher pop times for 2025.
2026-04-06 12:30:57 INFO     [defense_harvester] Loaded 579 sprint speeds for 2025.
2026-04-06 12:30:58 INFO     [gameday_harvester] Found 'Luis Pena' via MiLB search (sportId=13): 821270
2026-04-06 12:38:15 INFO     [defense_harvester] Loaded 84 catcher pop times for 2025.
2026-04-06 12:38:15 INFO     [defense_harvester] Loaded 579 sprint speeds for 2025.
2026-04-06 13:50:04 INFO     [defense_harvester] Loaded 84 catcher pop times for 2025.
2026-04-06 13:50:04 INFO     [defense_harvester] Loaded 579 sprint speeds for 2025.
2026-04-06 13:50:04 INFO     [defense_harvester] Loaded 84 catcher pop times for 2025.
2026-04-06 13:50:04 INFO     [defense_harvester] Loaded 579 sprint speeds for 2025.
2026-04-06 13:50:04 INFO     [harvester] Scraping Ottoneu roster for team 7582...
2026-04-06 13:50:04 INFO     [enricher] Loading STEAMER projections from projections-steamer.json...
2026-04-06 13:50:04 INFO     [gameday_harvester] Fetching fresh matchups for 2026-04-06 from MLB API...
2026-04-06 13:50:18 INFO     [optimizer] Optimizing lineup for 2026-04-06...
2026-04-06 13:50:21 INFO     [gameday_harvester] Found 'Zac Veen' via MiLB search (sportId=11): 691728
